#
# There is insufficient memory for the Java Runtime Environment to continue.
# Native memory allocation (malloc) failed to allocate 1725488 bytes for Chunk::new
# Possible reasons:
#   The system is out of physical RAM or swap space
#   In 32 bit mode, the process size limit was hit
# Possible solutions:
#   Reduce memory load on the system
#   Increase physical memory or swap space
#   Check if swap backing store is full
#   Use 64 bit Java on a 64 bit OS
#   Decrease Java heap size (-Xmx/-Xms)
#   Decrease number of Java threads
#   Decrease Java thread stack sizes (-Xss)
#   Set larger code cache with -XX:ReservedCodeCacheSize=
# This output file may be truncated or incomplete.
#
#  Out of Memory Error (allocation.cpp:390), pid=11672, tid=0x000000000000164c
#
# JRE version: Java(TM) SE Runtime Environment (8.0_121-b13) (build 1.8.0_121-b13)
# Java VM: Java HotSpot(TM) 64-Bit Server VM (25.121-b13 mixed mode windows-amd64 compressed oops)
# Failed to write core dump. Minidumps are not enabled by default on client versions of Windows
#

---------------  T H R E A D  ---------------

Current thread (0x000000001733b000):  JavaThread "C2 CompilerThread1" daemon [_thread_in_native, id=5708, stack(0x0000000018d80000,0x0000000018e80000)]

Stack: [0x0000000018d80000,0x0000000018e80000]
[error occurred during error reporting (printing stack bounds), id 0xc0000005]

Native frames: (J=compiled Java code, j=interpreted, Vv=VM code, C=native code)


Current CompileTask:
C2:  15173 1833       4       java.net.URLClassLoader$1::run (5 bytes)


---------------  P R O C E S S  ---------------

Java Threads: ( => current thread )
  0x0000000019e39800 JavaThread "restartedMain" [_thread_in_native, id=2448, stack(0x000000001c600000,0x000000001c700000)]
  0x0000000019fc3800 JavaThread "Thread-2" [_thread_blocked, id=8328, stack(0x000000001c500000,0x000000001c600000)]
  0x000000001a593800 JavaThread "JMX server connection timeout 17" daemon [_thread_blocked, id=12088, stack(0x000000001c400000,0x000000001c500000)]
  0x000000001a78b800 JavaThread "RMI TCP Connection(2)-127.0.0.1" daemon [_thread_in_native, id=6400, stack(0x000000001c300000,0x000000001c400000)]
  0x000000001a240000 JavaThread "RMI Scheduler(0)" daemon [_thread_blocked, id=9372, stack(0x000000001c200000,0x000000001c300000)]
  0x000000001a444000 JavaThread "RMI TCP Connection(1)-127.0.0.1" daemon [_thread_in_native, id=8104, stack(0x000000001b130000,0x000000001b230000)]
  0x0000000019b5d800 JavaThread "RMI TCP Accept-0" daemon [_thread_in_native, id=5984, stack(0x000000001ac00000,0x000000001ad00000)]
  0x0000000019a4e800 JavaThread "RMI TCP Accept-9001" daemon [_thread_in_native, id=9968, stack(0x000000001ab00000,0x000000001ac00000)]
  0x0000000019a4b000 JavaThread "RMI TCP Accept-0" daemon [_thread_in_native, id=10804, stack(0x000000001aa00000,0x000000001ab00000)]
  0x000000001870d000 JavaThread "Service Thread" daemon [_thread_blocked, id=7740, stack(0x0000000018f80000,0x0000000019080000)]
  0x0000000017364800 JavaThread "C1 CompilerThread2" daemon [_thread_blocked, id=5932, stack(0x0000000018e80000,0x0000000018f80000)]
=>0x000000001733b000 JavaThread "C2 CompilerThread1" daemon [_thread_in_native, id=5708, stack(0x0000000018d80000,0x0000000018e80000)]
  0x0000000017338800 JavaThread "C2 CompilerThread0" daemon [_thread_in_native, id=1892, stack(0x0000000018c80000,0x0000000018d80000)]
  0x00000000186c3800 JavaThread "Attach Listener" daemon [_thread_blocked, id=6716, stack(0x0000000018b80000,0x0000000018c80000)]
  0x0000000017325000 JavaThread "Signal Dispatcher" daemon [_thread_blocked, id=9384, stack(0x0000000018a80000,0x0000000018b80000)]
  0x00000000172f9800 JavaThread "Finalizer" daemon [_thread_blocked, id=11748, stack(0x0000000018580000,0x0000000018680000)]
  0x00000000027b8000 JavaThread "Reference Handler" daemon [_thread_blocked, id=3964, stack(0x0000000018480000,0x0000000018580000)]
  0x00000000026c8800 JavaThread "main" [_thread_blocked, id=12584, stack(0x0000000002490000,0x0000000002590000)]

Other Threads:
  0x00000000172d8000 VMThread [stack: 0x0000000018380000,0x0000000018480000] [id=3260]
  0x0000000019b5e000 WatcherThread [stack: 0x000000001ad00000,0x000000001ae00000] [id=12912]

VM state:not at safepoint (normal execution)

VM Mutex/Monitor currently owned by a thread: None

Heap:
 PSYoungGen      total 71680K, used 63466K [0x00000000d5d80000, 0x00000000da880000, 0x0000000100000000)
  eden space 66560K, 87% used [0x00000000d5d80000,0x00000000d967acb0,0x00000000d9e80000)
  from space 5120K, 99% used [0x00000000da380000,0x00000000da87fec8,0x00000000da880000)
  to   space 5120K, 0% used [0x00000000d9e80000,0x00000000d9e80000,0x00000000da380000)
 ParOldGen       total 50688K, used 10425K [0x0000000081800000, 0x0000000084980000, 0x00000000d5d80000)
  object space 50688K, 20% used [0x0000000081800000,0x000000008222e458,0x0000000084980000)
 Metaspace       used 25024K, capacity 25852K, committed 25984K, reserved 1071104K
  class space    used 3192K, capacity 3411K, committed 3456K, reserved 1048576K

Card table byte_map: [0x0000000011b80000,0x0000000011f80000] byte_map_base: 0x0000000011774000

Marking Bits: (ParMarkBitMap*) 0x000000005fe4b6d0
 Begin Bits: [0x0000000012630000, 0x00000000145d0000)
 End Bits:   [0x00000000145d0000, 0x0000000016570000)

Polling page: 0x00000000007f0000

CodeCache: size=245760Kb used=7564Kb max_used=7564Kb free=238195Kb
 bounds [0x00000000027c0000, 0x0000000002f30000, 0x00000000117c0000]
 total_blobs=2602 nmethods=2200 adapters=314
 compilation: enabled

Compilation events (10 events):
Event: 15.163 Thread 0x0000000017364800 2212       2       org.springframework.boot.context.properties.source.ConfigurationPropertyName::getElement (161 bytes)
Event: 15.164 Thread 0x0000000017364800 nmethod 2212 0x0000000002f23350 code [0x0000000002f23580, 0x0000000002f23b88]
Event: 15.164 Thread 0x0000000017364800 2214       2       org.springframework.boot.context.properties.source.SpringIterableConfigurationPropertySource::getPropertyMappings (148 bytes)
Event: 15.165 Thread 0x0000000017364800 nmethod 2214 0x0000000002f24150 code [0x0000000002f24320, 0x0000000002f24968]
Event: 15.169 Thread 0x0000000017364800 2215       2       java.io.FilePermission::<init> (14 bytes)
Event: 15.169 Thread 0x0000000017364800 nmethod 2215 0x0000000002f25010 code [0x0000000002f25180, 0x0000000002f25338]
Event: 15.169 Thread 0x0000000017364800 2216       2       java.io.FilePermission$1::<init> (10 bytes)
Event: 15.169 Thread 0x0000000017364800 nmethod 2216 0x0000000002f25410 code [0x0000000002f25560, 0x0000000002f256d0]
Event: 15.169 Thread 0x0000000017364800 2217       2       java.io.FilePermission$1::run (5 bytes)
Event: 15.169 Thread 0x0000000017364800 nmethod 2217 0x0000000002f25750 code [0x0000000002f258c0, 0x0000000002f25a28]

GC Heap History (10 events):
Event: 13.991 GC heap before
{Heap before GC invocations=3 (full 0):
 PSYoungGen      total 38400K, used 37022K [0x00000000d5d80000, 0x00000000da880000, 0x0000000100000000)
  eden space 33280K, 100% used [0x00000000d5d80000,0x00000000d7e00000,0x00000000d7e00000)
  from space 5120K, 73% used [0x00000000d8300000,0x00000000d86a7a00,0x00000000d8800000)
  to   space 5120K, 0% used [0x00000000d7e00000,0x00000000d7e00000,0x00000000d8300000)
 ParOldGen       total 87552K, used 16K [0x0000000081800000, 0x0000000086d80000, 0x00000000d5d80000)
  object space 87552K, 0% used [0x0000000081800000,0x0000000081804000,0x0000000086d80000)
 Metaspace       used 11695K, capacity 11964K, committed 12032K, reserved 1060864K
  class space    used 1415K, capacity 1497K, committed 1536K, reserved 1048576K
Event: 13.996 GC heap after
Heap after GC invocations=3 (full 0):
 PSYoungGen      total 38400K, used 5092K [0x00000000d5d80000, 0x00000000da880000, 0x0000000100000000)
  eden space 33280K, 0% used [0x00000000d5d80000,0x00000000d5d80000,0x00000000d7e00000)
  from space 5120K, 99% used [0x00000000d7e00000,0x00000000d82f93a0,0x00000000d8300000)
  to   space 5120K, 0% used [0x00000000da380000,0x00000000da380000,0x00000000da880000)
 ParOldGen       total 87552K, used 666K [0x0000000081800000, 0x0000000086d80000, 0x00000000d5d80000)
  object space 87552K, 0% used [0x0000000081800000,0x00000000818a6b50,0x0000000086d80000)
 Metaspace       used 11695K, capacity 11964K, committed 12032K, reserved 1060864K
  class space    used 1415K, capacity 1497K, committed 1536K, reserved 1048576K
}
Event: 14.185 GC heap before
{Heap before GC invocations=4 (full 0):
 PSYoungGen      total 38400K, used 38372K [0x00000000d5d80000, 0x00000000da880000, 0x0000000100000000)
  eden space 33280K, 100% used [0x00000000d5d80000,0x00000000d7e00000,0x00000000d7e00000)
  from space 5120K, 99% used [0x00000000d7e00000,0x00000000d82f93a0,0x00000000d8300000)
  to   space 5120K, 0% used [0x00000000da380000,0x00000000da380000,0x00000000da880000)
 ParOldGen       total 87552K, used 666K [0x0000000081800000, 0x0000000086d80000, 0x00000000d5d80000)
  object space 87552K, 0% used [0x0000000081800000,0x00000000818a6b50,0x0000000086d80000)
 Metaspace       used 15139K, capacity 15716K, committed 16000K, reserved 1062912K
  class space    used 1927K, capacity 2081K, committed 2176K, reserved 1048576K
Event: 14.190 GC heap after
Heap after GC invocations=4 (full 0):
 PSYoungGen      total 71680K, used 5093K [0x00000000d5d80000, 0x00000000da880000, 0x0000000100000000)
  eden space 66560K, 0% used [0x00000000d5d80000,0x00000000d5d80000,0x00000000d9e80000)
  from space 5120K, 99% used [0x00000000da380000,0x00000000da8795d8,0x00000000da880000)
  to   space 5120K, 0% used [0x00000000d9e80000,0x00000000d9e80000,0x00000000da380000)
 ParOldGen       total 87552K, used 2152K [0x0000000081800000, 0x0000000086d80000, 0x00000000d5d80000)
  object space 87552K, 2% used [0x0000000081800000,0x0000000081a1a318,0x0000000086d80000)
 Metaspace       used 15139K, capacity 15716K, committed 16000K, reserved 1062912K
  class space    used 1927K, capacity 2081K, committed 2176K, reserved 1048576K
}
Event: 14.465 GC heap before
{Heap before GC invocations=5 (full 0):
 PSYoungGen      total 71680K, used 59946K [0x00000000d5d80000, 0x00000000da880000, 0x0000000100000000)
  eden space 66560K, 82% used [0x00000000d5d80000,0x00000000d9311458,0x00000000d9e80000)
  from space 5120K, 99% used [0x00000000da380000,0x00000000da8795d8,0x00000000da880000)
  to   space 5120K, 0% used [0x00000000d9e80000,0x00000000d9e80000,0x00000000da380000)
 ParOldGen       total 87552K, used 2152K [0x0000000081800000, 0x0000000086d80000, 0x00000000d5d80000)
  object space 87552K, 2% used [0x0000000081800000,0x0000000081a1a318,0x0000000086d80000)
 Metaspace       used 20547K, capacity 21136K, committed 21248K, reserved 1067008K
  class space    used 2605K, capacity 2775K, committed 2816K, reserved 1048576K
Event: 14.477 GC heap after
Heap after GC invocations=5 (full 0):
 PSYoungGen      total 71680K, used 5112K [0x00000000d5d80000, 0x00000000da880000, 0x0000000100000000)
  eden space 66560K, 0% used [0x00000000d5d80000,0x00000000d5d80000,0x00000000d9e80000)
  from space 5120K, 99% used [0x00000000d9e80000,0x00000000da37e030,0x00000000da380000)
  to   space 5120K, 0% used [0x00000000da380000,0x00000000da380000,0x00000000da880000)
 ParOldGen       total 87552K, used 7510K [0x0000000081800000, 0x0000000086d80000, 0x00000000d5d80000)
  object space 87552K, 8% used [0x0000000081800000,0x0000000081f55b18,0x0000000086d80000)
 Metaspace       used 20547K, capacity 21136K, committed 21248K, reserved 1067008K
  class space    used 2605K, capacity 2775K, committed 2816K, reserved 1048576K
}
Event: 14.477 GC heap before
{Heap before GC invocations=6 (full 1):
 PSYoungGen      total 71680K, used 5112K [0x00000000d5d80000, 0x00000000da880000, 0x0000000100000000)
  eden space 66560K, 0% used [0x00000000d5d80000,0x00000000d5d80000,0x00000000d9e80000)
  from space 5120K, 99% used [0x00000000d9e80000,0x00000000da37e030,0x00000000da380000)
  to   space 5120K, 0% used [0x00000000da380000,0x00000000da380000,0x00000000da880000)
 ParOldGen       total 87552K, used 7510K [0x0000000081800000, 0x0000000086d80000, 0x00000000d5d80000)
  object space 87552K, 8% used [0x0000000081800000,0x0000000081f55b18,0x0000000086d80000)
 Metaspace       used 20547K, capacity 21136K, committed 21248K, reserved 1067008K
  class space    used 2605K, capacity 2775K, committed 2816K, reserved 1048576K
Event: 14.508 GC heap after
Heap after GC invocations=6 (full 1):
 PSYoungGen      total 71680K, used 0K [0x00000000d5d80000, 0x00000000da880000, 0x0000000100000000)
  eden space 66560K, 0% used [0x00000000d5d80000,0x00000000d5d80000,0x00000000d9e80000)
  from space 5120K, 0% used [0x00000000d9e80000,0x00000000d9e80000,0x00000000da380000)
  to   space 5120K, 0% used [0x00000000da380000,0x00000000da380000,0x00000000da880000)
 ParOldGen       total 50688K, used 9881K [0x0000000081800000, 0x0000000084980000, 0x00000000d5d80000)
  object space 50688K, 19% used [0x0000000081800000,0x00000000821a6628,0x0000000084980000)
 Metaspace       used 20545K, capacity 21130K, committed 21248K, reserved 1067008K
  class space    used 2604K, capacity 2774K, committed 2816K, reserved 1048576K
}
Event: 14.851 GC heap before
{Heap before GC invocations=7 (full 1):
 PSYoungGen      total 71680K, used 66560K [0x00000000d5d80000, 0x00000000da880000, 0x0000000100000000)
  eden space 66560K, 100% used [0x00000000d5d80000,0x00000000d9e80000,0x00000000d9e80000)
  from space 5120K, 0% used [0x00000000d9e80000,0x00000000d9e80000,0x00000000da380000)
  to   space 5120K, 0% used [0x00000000da380000,0x00000000da380000,0x00000000da880000)
 ParOldGen       total 50688K, used 9881K [0x0000000081800000, 0x0000000084980000, 0x00000000d5d80000)
  object space 50688K, 19% used [0x0000000081800000,0x00000000821a6628,0x0000000084980000)
 Metaspace       used 24372K, capacity 25144K, committed 25472K, reserved 1071104K
  class space    used 3130K, capacity 3347K, committed 3456K, reserved 1048576K
Event: 14.858 GC heap after
Heap after GC invocations=7 (full 1):
 PSYoungGen      total 71680K, used 5119K [0x00000000d5d80000, 0x00000000da880000, 0x0000000100000000)
  eden space 66560K, 0% used [0x00000000d5d80000,0x00000000d5d80000,0x00000000d9e80000)
  from space 5120K, 99% used [0x00000000da380000,0x00000000da87fec8,0x00000000da880000)
  to   space 5120K, 0% used [0x00000000d9e80000,0x00000000d9e80000,0x00000000da380000)
 ParOldGen       total 50688K, used 10425K [0x0000000081800000, 0x0000000084980000, 0x00000000d5d80000)
  object space 50688K, 20% used [0x0000000081800000,0x000000008222e458,0x0000000084980000)
 Metaspace       used 24372K, capacity 25144K, committed 25472K, reserved 1071104K
  class space    used 3130K, capacity 3347K, committed 3456K, reserved 1048576K
}

Deoptimization events (10 events):
Event: 14.205 Thread 0x000000001a5b5800 Uncommon trap: reason=unstable_if action=reinterpret pc=0x0000000002a6d5c4 method=java.util.HashMap.getNode(ILjava/lang/Object;)Ljava/util/HashMap$Node; @ 129
Event: 14.292 Thread 0x000000001a5b5800 Uncommon trap: reason=class_check action=maybe_recompile pc=0x0000000002b1c5c8 method=java.util.HashMap.putVal(ILjava/lang/Object;Ljava/lang/Object;ZZ)Ljava/lang/Object; @ 203
Event: 14.297 Thread 0x000000001a5b5800 Uncommon trap: reason=class_check action=maybe_recompile pc=0x0000000002b1c5c8 method=java.util.HashMap.putVal(ILjava/lang/Object;Ljava/lang/Object;ZZ)Ljava/lang/Object; @ 203
Event: 14.299 Thread 0x000000001a5b5800 Uncommon trap: reason=class_check action=maybe_recompile pc=0x0000000002b1c5c8 method=java.util.HashMap.putVal(ILjava/lang/Object;Ljava/lang/Object;ZZ)Ljava/lang/Object; @ 203
Event: 14.345 Thread 0x0000000019e39800 Uncommon trap: reason=bimorphic action=maybe_recompile pc=0x0000000002c94980 method=java.util.HashMap.putVal(ILjava/lang/Object;Ljava/lang/Object;ZZ)Ljava/lang/Object; @ 253
Event: 14.345 Thread 0x0000000019e39800 Uncommon trap: reason=bimorphic action=maybe_recompile pc=0x0000000002c94980 method=java.util.HashMap.putVal(ILjava/lang/Object;Ljava/lang/Object;ZZ)Ljava/lang/Object; @ 253
Event: 14.345 Thread 0x0000000019e39800 Uncommon trap: reason=bimorphic action=maybe_recompile pc=0x0000000002c94980 method=java.util.HashMap.putVal(ILjava/lang/Object;Ljava/lang/Object;ZZ)Ljava/lang/Object; @ 253
Event: 14.345 Thread 0x0000000019e39800 Uncommon trap: reason=bimorphic action=maybe_recompile pc=0x0000000002c94980 method=java.util.HashMap.putVal(ILjava/lang/Object;Ljava/lang/Object;ZZ)Ljava/lang/Object; @ 253
Event: 14.635 Thread 0x000000001a5b5800 Uncommon trap: reason=unstable_if action=reinterpret pc=0x0000000002d26fa8 method=jdk.internal.org.objectweb.asm.Type.getArgumentsAndReturnSizes(Ljava/lang/String;)I @ 47
Event: 14.636 Thread 0x000000001a5b5800 Uncommon trap: reason=unstable_if action=reinterpret pc=0x0000000002cef3e0 method=jdk.internal.org.objectweb.asm.Type.getArgumentsAndReturnSizes(Ljava/lang/String;)I @ 47

Internal exceptions (10 events):
Event: 14.411 Thread 0x0000000019e39800 Exception <a 'java/lang/ClassNotFoundException': org/springframework/beans/factory/AwareCustomizer> (0x00000000d88358b0) thrown at [C:\re\workspace\8-2-build-windows-amd64-cygwin\jdk8u121\8372\hotspot\src\share\vm\classfile\systemDictionary.cpp, line 210]
Event: 14.412 Thread 0x0000000019e39800 Exception <a 'java/lang/ClassNotFoundException': org/springframework/beans/factory/BeanClassLoaderAwareCustomizer> (0x00000000d8863ba0) thrown at [C:\re\workspace\8-2-build-windows-amd64-cygwin\jdk8u121\8372\hotspot\src\share\vm\classfile\systemDictionary
Event: 14.412 Thread 0x0000000019e39800 Exception <a 'java/lang/ClassNotFoundException': org/springframework/beans/factory/AwareCustomizer> (0x00000000d88f7e98) thrown at [C:\re\workspace\8-2-build-windows-amd64-cygwin\jdk8u121\8372\hotspot\src\share\vm\classfile\systemDictionary.cpp, line 210]
Event: 14.413 Thread 0x0000000019e39800 Exception <a 'java/lang/ClassNotFoundException': org/springframework/context/EnvironmentAwareCustomizer> (0x00000000d89205a0) thrown at [C:\re\workspace\8-2-build-windows-amd64-cygwin\jdk8u121\8372\hotspot\src\share\vm\classfile\systemDictionary.cpp, line
Event: 14.414 Thread 0x0000000019e39800 Exception <a 'java/lang/ClassNotFoundException': org/springframework/beans/factory/AwareCustomizer> (0x00000000d8947030) thrown at [C:\re\workspace\8-2-build-windows-amd64-cygwin\jdk8u121\8372\hotspot\src\share\vm\classfile\systemDictionary.cpp, line 210]
Event: 14.442 Thread 0x000000001a78b800 Exception <a 'java/lang/reflect/InvocationTargetException'> (0x00000000d8e679c8) thrown at [C:\re\workspace\8-2-build-windows-amd64-cygwin\jdk8u121\8372\hotspot\src\share\vm\runtime\reflection.cpp, line 1092]
Event: 14.448 Thread 0x0000000019e39800 Exception <a 'java/lang/NoSuchMethodError': java.lang.Object.lambda$comparing$77a9974f$1(Ljava/util/function/Function;Ljava/lang/Object;Ljava/lang/Object;)I> (0x00000000d8e54f10) thrown at [C:\re\workspace\8-2-build-windows-amd64-cygwin\jdk8u121\8372\hots
Event: 14.601 Thread 0x0000000019e39800 Exception <a 'java/lang/IncompatibleClassChangeError': Found class java.lang.Object, but interface was expected> (0x00000000d7a61898) thrown at [C:\re\workspace\8-2-build-windows-amd64-cygwin\jdk8u121\8372\hotspot\src\share\vm\interpreter\linkResolver.cpp
Event: 14.641 Thread 0x000000001a5b5800 Exception <a 'java/lang/IncompatibleClassChangeError': Found class java.lang.Object, but interface was expected> (0x00000000d7e95038) thrown at [C:\re\workspace\8-2-build-windows-amd64-cygwin\jdk8u121\8372\hotspot\src\share\vm\interpreter\linkResolver.cpp
Event: 14.945 Thread 0x000000001a78b800 Exception <a 'java/lang/reflect/InvocationTargetException'> (0x00000000d846c980) thrown at [C:\re\workspace\8-2-build-windows-amd64-cygwin\jdk8u121\8372\hotspot\src\share\vm\runtime\reflection.cpp, line 1092]

Events (10 events):
Event: 15.152 loading class org/springframework/transaction/annotation/TransactionManagementConfigurationSelector$1
Event: 15.152 loading class org/springframework/transaction/annotation/TransactionManagementConfigurationSelector$1 done
Event: 15.152 loading class org/springframework/context/annotation/AutoProxyRegistrar
Event: 15.152 loading class org/springframework/context/annotation/AutoProxyRegistrar done
Event: 15.152 loading class org/springframework/transaction/annotation/ProxyTransactionManagementConfiguration
Event: 15.152 loading class org/springframework/transaction/annotation/ProxyTransactionManagementConfiguration done
Event: 15.153 loading class org/springframework/transaction/annotation/AbstractTransactionManagementConfiguration
Event: 15.153 loading class org/springframework/transaction/annotation/AbstractTransactionManagementConfiguration done
Event: 15.158 loading class org/springframework/context/annotation/ImportAware
Event: 15.158 loading class org/springframework/context/annotation/ImportAware done


Dynamic libraries:
0x00007ff6163c0000 - 0x00007ff6163f7000 	C:\Program Files\Java\jdk1.8.0_121\jre\bin\java.exe
0x00007ffcc93e0000 - 0x00007ffcc95b2000 	C:\WINDOWS\SYSTEM32\ntdll.dll
0x00007ffcc89e0000 - 0x00007ffcc8a8c000 	C:\WINDOWS\System32\KERNEL32.DLL
0x00007ffcc5cf0000 - 0x00007ffcc5f0d000 	C:\WINDOWS\System32\KERNELBASE.dll
0x00007ffcc85d0000 - 0x00007ffcc8672000 	C:\WINDOWS\System32\ADVAPI32.dll
0x00007ffcc8de0000 - 0x00007ffcc8e7e000 	C:\WINDOWS\System32\msvcrt.dll
0x00007ffcc8980000 - 0x00007ffcc89d9000 	C:\WINDOWS\System32\sechost.dll
0x00007ffcc83e0000 - 0x00007ffcc8501000 	C:\WINDOWS\System32\RPCRT4.dll
0x00007ffcc9270000 - 0x00007ffcc93d5000 	C:\WINDOWS\System32\USER32.dll
0x00007ffcc5c80000 - 0x00007ffcc5c9e000 	C:\WINDOWS\System32\win32u.dll
0x00007ffcc8ce0000 - 0x00007ffcc8d14000 	C:\WINDOWS\System32\GDI32.dll
0x00007ffcc5700000 - 0x00007ffcc5880000 	C:\WINDOWS\System32\gdi32full.dll
0x00007ffcbb640000 - 0x00007ffcbb8ba000 	C:\WINDOWS\WinSxS\amd64_microsoft.windows.common-controls_6595b64144ccf1df_6.0.14393.953_none_42151e83c686086b\COMCTL32.dll
0x00007ffcc86b0000 - 0x00007ffcc8978000 	C:\WINDOWS\System32\combase.dll
0x00007ffcc5f10000 - 0x00007ffcc6005000 	C:\WINDOWS\System32\ucrtbase.dll
0x00007ffcc5690000 - 0x00007ffcc56fa000 	C:\WINDOWS\System32\bcryptPrimitives.dll
0x00007ffcc8680000 - 0x00007ffcc86ae000 	C:\WINDOWS\System32\IMM32.DLL
0x000000005e820000 - 0x000000005e8f2000 	C:\Program Files\Java\jdk1.8.0_121\jre\bin\msvcr100.dll
0x000000005f630000 - 0x000000005fecb000 	C:\Program Files\Java\jdk1.8.0_121\jre\bin\server\jvm.dll
0x00007ffcc5ba0000 - 0x00007ffcc5bc3000 	C:\WINDOWS\System32\WINMM.dll
0x00007ffcc5630000 - 0x00007ffcc565b000 	C:\WINDOWS\System32\WINMMBASE.dll
0x00007ffcc5ab0000 - 0x00007ffcc5af2000 	C:\WINDOWS\System32\cfgmgr32.dll
0x00007ffcc6ec0000 - 0x00007ffcc6ec8000 	C:\WINDOWS\System32\PSAPI.DLL
0x00007ffcbdcf0000 - 0x00007ffcbdcf9000 	C:\WINDOWS\SYSTEM32\WSOCK32.dll
0x00007ffcc9200000 - 0x00007ffcc926a000 	C:\WINDOWS\System32\WS2_32.dll
0x00007ffcba8d0000 - 0x00007ffcba8da000 	C:\WINDOWS\SYSTEM32\VERSION.dll
0x00000000602e0000 - 0x00000000602ef000 	C:\Program Files\Java\jdk1.8.0_121\jre\bin\verify.dll
0x00000000602b0000 - 0x00000000602d9000 	C:\Program Files\Java\jdk1.8.0_121\jre\bin\java.dll
0x0000000060290000 - 0x00000000602a6000 	C:\Program Files\Java\jdk1.8.0_121\jre\bin\zip.dll
0x00007ffcc6ed0000 - 0x00007ffcc83d9000 	C:\WINDOWS\System32\SHELL32.dll
0x00007ffcc6010000 - 0x00007ffcc66e9000 	C:\WINDOWS\System32\windows.storage.dll
0x00007ffcc5ca0000 - 0x00007ffcc5cec000 	C:\WINDOWS\System32\powrprof.dll
0x00007ffcc8ea0000 - 0x00007ffcc8ef2000 	C:\WINDOWS\System32\shlwapi.dll
0x00007ffcc5680000 - 0x00007ffcc568f000 	C:\WINDOWS\System32\kernel.appcore.dll
0x00007ffcc6700000 - 0x00007ffcc67a9000 	C:\WINDOWS\System32\shcore.dll
0x00007ffcc5660000 - 0x00007ffcc5674000 	C:\WINDOWS\System32\profapi.dll
0x0000000060200000 - 0x000000006020d000 	C:\Program Files\Java\jdk1.8.0_121\jre\bin\management.dll
0x0000000060270000 - 0x000000006028a000 	C:\Program Files\Java\jdk1.8.0_121\jre\bin\net.dll
0x00007ffcc4ec0000 - 0x00007ffcc4f1c000 	C:\WINDOWS\system32\mswsock.dll
0x0000000060250000 - 0x0000000060261000 	C:\Program Files\Java\jdk1.8.0_121\jre\bin\nio.dll
0x00007ffcb86c0000 - 0x00007ffcb86d6000 	C:\WINDOWS\system32\napinsp.dll
0x00007ffcb86e0000 - 0x00007ffcb86fa000 	C:\WINDOWS\system32\pnrpnsp.dll
0x00007ffcc2d80000 - 0x00007ffcc2d98000 	C:\WINDOWS\system32\NLAapi.dll
0x00007ffcc4c80000 - 0x00007ffcc4d21000 	C:\WINDOWS\SYSTEM32\DNSAPI.dll
0x00007ffcc8c30000 - 0x00007ffcc8c38000 	C:\WINDOWS\System32\NSI.dll
0x00007ffcc4c40000 - 0x00007ffcc4c78000 	C:\WINDOWS\SYSTEM32\IPHLPAPI.DLL
0x00007ffcb88c0000 - 0x00007ffcb88ce000 	C:\WINDOWS\System32\winrnr.dll
0x00000000606c0000 - 0x00000000606e6000 	C:\Program Files\Bonjour\mdnsNSP.dll
0x00007ffcbb3c0000 - 0x00007ffcbb3ca000 	C:\Windows\System32\rasadhlp.dll
0x00007ffcbd700000 - 0x00007ffcbd76a000 	C:\WINDOWS\System32\fwpuclnt.dll
0x00007ffcc5560000 - 0x00007ffcc558b000 	C:\WINDOWS\SYSTEM32\bcrypt.dll
0x00007ffcc5060000 - 0x00007ffcc5077000 	C:\WINDOWS\SYSTEM32\CRYPTSP.dll
0x00007ffcc4ac0000 - 0x00007ffcc4af3000 	C:\WINDOWS\system32\rsaenh.dll
0x00007ffcc4d40000 - 0x00007ffcc4d5f000 	C:\WINDOWS\SYSTEM32\USERENV.dll
0x00007ffcc5080000 - 0x00007ffcc508b000 	C:\WINDOWS\SYSTEM32\CRYPTBASE.dll
0x00007ffcbe3e0000 - 0x00007ffcbe3f6000 	C:\WINDOWS\SYSTEM32\dhcpcsvc6.DLL
0x00007ffcbe3a0000 - 0x00007ffcbe3ba000 	C:\WINDOWS\SYSTEM32\dhcpcsvc.DLL

VM Arguments:
jvm_args: -Dcom.sun.management.jmxremote -Dcom.sun.management.jmxremote.port=9001 -Dcom.sun.management.jmxremote.authenticate=false -Dcom.sun.management.jmxremote.ssl=false -Djava.rmi.server.hostname=127.0.0.1 
java_command: com.xiu.fastsparkdev.FastsparkdevApplication --spring.application.admin.enabled=true --spring.application.admin.jmx-name=org.springframework.boot:type=Admin,name=SpringApplication
java_class_path (initial): D:\fenshengproject\fastsparkdev\target\classes;D:\mavenRepo\repo\org\springframework\boot\spring-boot-starter-tomcat\2.1.4.RELEASE\spring-boot-starter-tomcat-2.1.4.RELEASE.jar;D:\mavenRepo\repo\javax\annotation\javax.annotation-api\1.3.2\javax.annotation-api-1.3.2.jar;D:\mavenRepo\repo\org\apache\tomcat\embed\tomcat-embed-core\9.0.17\tomcat-embed-core-9.0.17.jar;D:\mavenRepo\repo\org\apache\tomcat\embed\tomcat-embed-el\9.0.17\tomcat-embed-el-9.0.17.jar;D:\mavenRepo\repo\org\apache\tomcat\embed\tomcat-embed-websocket\9.0.17\tomcat-embed-websocket-9.0.17.jar;D:\mavenRepo\repo\org\springframework\boot\spring-boot-starter-data-jpa\2.1.4.RELEASE\spring-boot-starter-data-jpa-2.1.4.RELEASE.jar;D:\mavenRepo\repo\org\springframework\boot\spring-boot-starter-aop\2.1.4.RELEASE\spring-boot-starter-aop-2.1.4.RELEASE.jar;D:\mavenRepo\repo\org\springframework\spring-aop\5.1.6.RELEASE\spring-aop-5.1.6.RELEASE.jar;D:\mavenRepo\repo\org\aspectj\aspectjweaver\1.9.2\aspectjweaver-1.9.2.jar;D:\mavenRepo\repo\javax\transaction\javax.transaction-api\1.3\javax.transaction-api-1.3.jar;D:\mavenRepo\repo\javax\xml\bind\jaxb-api\2.3.1\jaxb-api-2.3.1.jar;D:\mavenRepo\repo\javax\activation\javax.activation-api\1.2.0\javax.activation-api-1.2.0.jar;D:\mavenRepo\repo\org\hibernate\hibernate-core\5.3.9.Final\hibernate-core-5.3.9.Final.jar;D:\mavenRepo\repo\org\jboss\logging\jboss-logging\3.3.2.Final\jboss-logging-3.3.2.Final.jar;D:\mavenRepo\repo\javax\persistence\javax.persistence-api\2.2\javax.persistence-api-2.2.jar;D:\mavenRepo\repo\org\javassist\javassist\3.23.1-GA\javassist-3.23.1-GA.jar;D:\mavenRepo\repo\net\bytebuddy\byte-buddy\1.9.12\byte-buddy-1.9.12.jar;D:\mavenRepo\repo\antlr\antlr\2.7.7\antlr-2.7.7.jar;D:\mavenRepo\repo\org\jboss\jandex\2.0.5.Final\jandex-2.0.5.Final.jar;D:\mavenRepo\repo\com\fasterxml\classmate\1.4.0\classmate-1.4.0.jar;D:\mavenRepo\repo\org\dom4j\dom4j\2.1.1\dom4j-2.1.1.jar;D:\mavenRepo\repo\org\hibernate\common\hibernate-commons-annotatio
Launcher Type: SUN_STANDARD

Environment Variables:
JAVA_HOME=C:\Program Files\Java\jdk1.8.0_121
CLASSPATH= .;C:\Program Files\Java\jdk1.8.0_121\lib\tools.jar;C:\Program Files\Java\jdk1.8.0_121\lib\dt.jar;
PATH=C:\Program Files\Docker\Docker\Resources\bin;C:\Program Files\Java\jdk1.8.0_121\bin;C:\ProgramData\Oracle\Java\javapath;D:\app\PC\product\11.1.0\db_1\bin;C:\Program Files (x86)\Intel\iCLS Client\;C:\Program Files\Intel\iCLS Client\;C:\WINDOWS\system32;C:\WINDOWS;C:\WINDOWS\System32\Wbem;C:\WINDOWS\System32\WindowsPowerShell\v1.0\;C:\Program Files (x86)\Intel\Intel(R) Management Engine Components\DAL;C:\Program Files\Intel\Intel(R) Management Engine Components\DAL;C:\Program Files (x86)\Intel\Intel(R) Management Engine Components\IPT;C:\Program Files\Intel\Intel(R) Management Engine Components\IPT\;gram Files\TortoiseGit\bin;D:\解压运行软件\Git\cmd;C:\Pr;D:\apache-maven-3.2.3\bin;D:\Program Files\nodejs\;D:\software\Git\cmd;D:\apache-tomcat-7.0.69\bin;D:\Program Files\python37;D:\Go\bin;C:\TDM-GCC-64\bin;C:\Program Files (x86)\Windows Kits\8.1\Windows Performance Toolkit\;D:\gradle\bin;D:\Program Files\python37\Scripts\;D:\Program Files\python37;C:\Users\PC\AppData\Local\Microsoft\WindowsApps;D:\Program Files\nodejs\node_global\;C:\Users\PC\AppData\Local\atom\bin
USERNAME=PC
OS=Windows_NT
PROCESSOR_IDENTIFIER=Intel64 Family 6 Model 94 Stepping 3, GenuineIntel



---------------  S Y S T E M  ---------------

OS: Windows 10.0 , 64 bit Build 14393 (10.0.14393.1198)

CPU:total 4 (4 cores per cpu, 1 threads per core) family 6 model 94 stepping 3, cmov, cx8, fxsr, mmx, sse, sse2, sse3, ssse3, sse4.1, sse4.2, popcnt, avx, avx2, aes, clmul, erms, 3dnowpref, lzcnt, tsc, tscinvbit, bmi1, bmi2, adx

Memory: 4k page, physical 8282800k(973672k free), swap 21010348k(5548k free)

vm_info: Java HotSpot(TM) 64-Bit Server VM (25.121-b13) for windows-amd64 JRE (1.8.0_121-b13), built on Dec 12 2016 18:21:36 by "java_re" with MS VC++ 10.0 (VS2010)

time: Thu Jul 04 15:36:59 2019
elapsed time: 15 seconds (0d 0h 0m 15s)

